c[?7l[2J[0mSeaBIOS (version rel-1.12.0-0-ga698c8995f-prebuilt.qemu.org)


iPXE (http://ipxe.org) 00:03.0 C980 PCI2.10 PnP PMM+07F913B0+07EF13B0 C980
Press Ctrl-B to configure iPXE (PCI 00:03.0)...                                                                               


Booting from Hard Disk..(THU.CST) os is loading ...

Special kernel symbols:
  entry  0x00100000 (phys)
  etext  0x00103442 (phys)
  edata  0x0010fa16 (phys)
  end    0x00110d20 (phys)
Kernel executable memory footprint: 68KB
ebp: 0x00007b18 eip: 0x00100987 args:0x   10074 0x  110e00 0x    7b48 0x  100080 
    kern/debug/kdebug.c:310: print_stackframe+22
ebp: 0x00007b28 eip: 0x00100c77 args:0x       0 0x       0 0x       0 0x    7b98 
    kern/debug/kmonitor.c:126: mon_backtrace+11
ebp: 0x00007b48 eip: 0x00100080 args:0x       0 0x    7b70 0xffff0000 0x    7b74 
    kern/init/init.c:48: grade_backtrace2+20
ebp: 0x00007b68 eip: 0x001000a2 args:0x       0 0xffff0000 0x    7b94 0x      29 
    kern/init/init.c:53: grade_backtrace1+28
ebp: 0x00007b88 eip: 0x001000bf args:0x       0 0x  100000 0xffff0000 0x  10003f 
    kern/init/init.c:58: grade_backtrace0+20
ebp: 0x00007ba8 eip: 0x001000e0 args:0x       0 0x       0 0x       0 0x  103460 
    kern/init/init.c:63: grade_backtrace+27
ebp: 0x00007bc8 eip: 0x0010004c args:0x       0 0x       0 0x  110d20 0x   10074 
    kern/init/init.c:30: kern_init+76
ebp: 0x00007bf8 eip: 0x00007d7f args:0xc031fcfa 0xc08ed88e 0x64e4d08e 0xfa7502a8 
    <unknow>: -- 0x00007d7f --
ebp: 0x00000000 eip: 0x00007c4f args:0xf000e2c3 0xf000ff53 0xf000ff53 0xf000ff54 
    <unknow>: -- 0x00007c4f --
ebp: 0xf000ff53 eip: 0xf000ff53 args:0x       0 0x       0 0x       0 0x       0 
    <unknow>: -- 0xf000ff53 --
ebp: 0x00000000 eip: 0x00000000 args:0xf000e2c3 0xf000ff53 0xf000ff53 0xf000ff54 
    <unknow>: -- 0x00000000 --
ebp: 0xf000ff53 eip: 0xf000ff53 args:0x       0 0x       0 0x       0 0x       0 
    <unknow>: -- 0xf000ff53 --
ebp: 0x00000000 eip: 0x00000000 args:0xf000e2c3 0xf000ff53 0xf000ff53 0xf000ff54 
    <unknow>: -- 0x00000000 --
ebp: 0xf000ff53 eip: 0xf000ff53 args:0x       0 0x       0 0x       0 0x       0 
    <unknow>: -- 0xf000ff53 --
ebp: 0x00000000 eip: 0x00000000 args:0xf000e2c3 0xf000ff53 0xf000ff53 0xf000ff54 
    <unknow>: -- 0x00000000 --
ebp: 0xf000ff53 eip: 0xf000ff53 args:0x       0 0x       0 0x       0 0x       0 
    <unknow>: -- 0xf000ff53 --
ebp: 0x00000000 eip: 0x00000000 args:0xf000e2c3 0xf000ff53 0xf000ff53 0xf000ff54 
    <unknow>: -- 0x00000000 --
ebp: 0xf000ff53 eip: 0xf000ff53 args:0x       0 0x       0 0x       0 0x       0 
    <unknow>: -- 0xf000ff53 --
ebp: 0x00000000 eip: 0x00000000 args:0xf000e2c3 0xf000ff53 0xf000ff53 0xf000ff54 
    <unknow>: -- 0x00000000 --
ebp: 0xf000ff53 eip: 0xf000ff53 args:0x       0 0x       0 0x       0 0x       0 
    <unknow>: -- 0xf000ff53 --
ebp: 0x00000000 eip: 0x00000000 args:0xf000e2c3 0xf000ff53 0xf000ff53 0xf000ff54 
    <unknow>: -- 0x00000000 --
++ setup timer interrupts
0: @ring 0
0:  cs = 8
0:  ds = 10
0:  es = 10
0:  ss = 10
+++ switch to  user  mode +++
100 ticks
End of Test.
kernel panic at kern/trap/trap.c:18:
    EOT: kernel seems ok.
stack trackback:
ebp: 0x00110c48 eip: 0x00100987 args:0x       0 0x       0 0x  110c74 0x  110c7c 
    kern/debug/kdebug.c:310: print_stackframe+22
ebp: 0x00110c68 eip: 0x00100cea args:0x  1037ee 0x      12 0x  1037d8 0x       0 
    kern/debug/panic.c:27: __panic+108
ebp: 0x00110c88 eip: 0x001017cb args:0x       0 0x       0 0x       0 0x       0 
    kern/trap/trap.c:36: idt_init+0
ebp: 0x00110ca8 eip: 0x00101c7b args:0x  110cd4 0x       0 0x       0 0x       0 
    kern/trap/trap.c:168: trap_dispatch+112
ebp: 0x00110cc8 eip: 0x00101e01 args:0x  110cd4 0x      90 0x  110e00 0xf000e2c3 
    kern/trap/trap.c:213: trap+17
ebp: 0xf000e2c3 eip: 0x00101e1d args:0x       0 0x       0 0x       0 0x       0 
    kern/trap/trapentry.S:33: <unknown>+0
ebp: 0x00000000 eip: 0x00000000 args:0xf000e2c3 0xf000ff53 0xf000ff53 0xf000ff54 
    <unknow>: -- 0x00000000 --
ebp: 0xf000ff53 eip: 0xf000ff53 args:0x       0 0x       0 0x       0 0x       0 
    <unknow>: -- 0xf000ff53 --
ebp: 0x00000000 eip: 0x00000000 args:0xf000e2c3 0xf000ff53 0xf000ff53 0xf000ff54 
    <unknow>: -- 0x00000000 --
ebp: 0xf000ff53 eip: 0xf000ff53 args:0x       0 0x       0 0x       0 0x       0 
    <unknow>: -- 0xf000ff53 --
ebp: 0x00000000 eip: 0x00000000 args:0xf000e2c3 0xf000ff53 0xf000ff53 0xf000ff54 
    <unknow>: -- 0x00000000 --
ebp: 0xf000ff53 eip: 0xf000ff53 args:0x       0 0x       0 0x       0 0x       0 
    <unknow>: -- 0xf000ff53 --
ebp: 0x00000000 eip: 0x00000000 args:0xf000e2c3 0xf000ff53 0xf000ff53 0xf000ff54 
    <unknow>: -- 0x00000000 --
ebp: 0xf000ff53 eip: 0xf000ff53 args:0x       0 0x       0 0x       0 0x       0 
    <unknow>: -- 0xf000ff53 --
ebp: 0x00000000 eip: 0x00000000 args:0xf000e2c3 0xf000ff53 0xf000ff53 0xf000ff54 
    <unknow>: -- 0x00000000 --
ebp: 0xf000ff53 eip: 0xf000ff53 args:0x       0 0x       0 0x       0 0x       0 
    <unknow>: -- 0xf000ff53 --
ebp: 0x00000000 eip: 0x00000000 args:0xf000e2c3 0xf000ff53 0xf000ff53 0xf000ff54 
    <unknow>: -- 0x00000000 --
ebp: 0xf000ff53 eip: 0xf000ff53 args:0x       0 0x       0 0x       0 0x       0 
    <unknow>: -- 0xf000ff53 --
ebp: 0x00000000 eip: 0x00000000 args:0xf000e2c3 0xf000ff53 0xf000ff53 0xf000ff54 
    <unknow>: -- 0x00000000 --
ebp: 0xf000ff53 eip: 0xf000ff53 args:0x       0 0x       0 0x       0 0x       0 
    <unknow>: -- 0xf000ff53 --
ebp: 0x00000000 eip: 0x00000000 args:0xf000e2c3 0xf000ff53 0xf000ff53 0xf000ff54 
    <unknow>: -- 0x00000000 --
Welcome to the kernel debug monitor!!
Type 'help' for a list of commands.
K> 